<?xml version='1.0' encoding='UTF-8'?>
<testsuite hostname="Toms-MacBook-Pro.local" name="player.Connect4Testing" tests="1" errors="0" failures="0" skipped="0" time="0.02" timestamp="2022-06-06T10:26:37">
          <properties>
[...]
</properties>
          <testcase classname="player.Connect4Testing" name="player has correct name, token, and last move" time="0.02">
                      
                    </testcase>
          <system-out><![CDATA[]]></system-out>
          <system-err><![CDATA[]]></system-err>
        </testsuite>